<?xml version="1.0" encoding="UTF-8"?>
<testng-results skipped="0" failed="0" total="1" passed="1">
  <reporter-output>
  </reporter-output>
  <suite name="Default suite" duration-ms="119888" started-at="2016-08-25T06:21:03Z" finished-at="2016-08-25T06:23:03Z">
    <groups>
    </groups>
    <test name="Default test" duration-ms="119888" started-at="2016-08-25T06:21:03Z" finished-at="2016-08-25T06:23:03Z">
      <class name="com.erp.master.Pomframe1">
        <test-method status="PASS" signature="supcreation()[pri:0, instance:com.erp.master.Pomframe1@7ac7a4e4]" name="supcreation" duration-ms="119855" started-at="2016-08-25T11:51:03Z" finished-at="2016-08-25T11:53:03Z">
          <reporter-output>
          </reporter-output>
        </test-method> <!-- supcreation -->
      </class> <!-- com.erp.master.Pomframe1 -->
    </test> <!-- Default test -->
  </suite> <!-- Default suite -->
</testng-results>
